[INFO] Scanning for projects...
[INFO] 
[INFO] -------------------< com.ecom.ai:ecom-assistant-api >-------------------
[INFO] Building ecom-assistant-api 0.0.1-SNAPSHOT
[INFO]   from pom.xml
[INFO] --------------------------------[ jar ]---------------------------------
[INFO] 
[INFO] >>> spring-boot:3.4.5:run (default-cli) > test-compile @ ecom-assistant-api >>>
[INFO] 
[INFO] --- resources:3.3.1:resources (default-resources) @ ecom-assistant-api ---
[INFO] Copying 1 resource from src/main/resources to target/classes
[INFO] Copying 1 resource from src/main/resources to target/classes
[INFO] 
[INFO] --- compiler:3.13.0:compile (default-compile) @ ecom-assistant-api ---
[INFO] Recompiling the module because of changed source code.
[INFO] Compiling 47 source files with javac [debug parameters release 21] to target/classes
[INFO] 
[INFO] --- resources:3.3.1:testResources (default-testResources) @ ecom-assistant-api ---
[INFO] skip non existing resourceDirectory /mnt/e/work/Couchbase/ecom_ai/ecom-assistant/ecom-assistant-api/src/test/resources
[INFO] 
[INFO] --- compiler:3.13.0:testCompile (default-testCompile) @ ecom-assistant-api ---
[INFO] No sources to compile
[INFO] 
[INFO] <<< spring-boot:3.4.5:run (default-cli) < test-compile @ ecom-assistant-api <<<
[INFO] 
[INFO] 
[INFO] --- spring-boot:3.4.5:run (default-cli) @ ecom-assistant-api ---
[INFO] Attaching agents: []

  .   ____          _            __ _ _
 /\\ / ___'_ __ _ _(_)_ __  __ _ \ \ \ \
( ( )\___ | '_ | '_| | '_ \/ _` | \ \ \ \
 \\/  ___)| |_)| | | | | || (_| |  ) ) ) )
  '  |____| .__|_| |_|_| |_\__, | / / / /
 =========|_|==============|___/=/_/_/_/

 :: Spring Boot ::                (v3.4.5)

2025-07-31T17:38:59.282+08:00  INFO 34659 --- [ecom-assistant] [           main] c.e.a.e.EcomAssistantApplication         : Starting EcomAssistantApplication using Java 21.0.8 with PID 34659 (/mnt/e/work/Couchbase/ecom_ai/ecom-assistant/ecom-assistant-api/target/classes started by sam in /mnt/e/work/Couchbase/ecom_ai/ecom-assistant/ecom-assistant-api)
2025-07-31T17:38:59.286+08:00  INFO 34659 --- [ecom-assistant] [           main] c.e.a.e.EcomAssistantApplication         : No active profile set, falling back to 1 default profile: "default"
2025-07-31T17:39:03.878+08:00  INFO 34659 --- [ecom-assistant] [           main] .s.d.r.c.RepositoryConfigurationDelegate : Bootstrapping Spring Data Couchbase repositories in DEFAULT mode.
2025-07-31T17:39:03.939+08:00  INFO 34659 --- [ecom-assistant] [           main] .s.d.r.c.RepositoryConfigurationDelegate : Finished Spring Data repository scanning in 38 ms. Found 0 Couchbase repository interfaces.
2025-07-31T17:39:05.411+08:00  INFO 34659 --- [ecom-assistant] [           main] .s.d.r.c.RepositoryConfigurationDelegate : Bootstrapping Spring Data Couchbase repositories in DEFAULT mode.
2025-07-31T17:39:06.673+08:00  INFO 34659 --- [ecom-assistant] [           main] .s.d.r.c.RepositoryConfigurationDelegate : Finished Spring Data repository scanning in 1257 ms. Found 0 Couchbase repository interfaces.
2025-07-31T17:39:06.683+08:00  INFO 34659 --- [ecom-assistant] [           main] .s.d.r.c.RepositoryConfigurationDelegate : Bootstrapping Spring Data Couchbase repositories in DEFAULT mode.
2025-07-31T17:39:07.249+08:00  INFO 34659 --- [ecom-assistant] [           main] .s.d.r.c.RepositoryConfigurationDelegate : Finished Spring Data repository scanning in 562 ms. Found 11 Couchbase repository interfaces.
2025-07-31T17:39:07.901+08:00  WARN 34659 --- [ecom-assistant] [           main] trationDelegate$BeanPostProcessorChecker : Bean 'shiroConfig' of type [com.ecom.ai.ecomassistant.auth.config.ShiroConfig$$SpringCGLIB$$0] is not eligible for getting processed by all BeanPostProcessors (for example: not eligible for auto-proxying). The currently created BeanPostProcessor [lifecycleBeanPostProcessor] is declared through a non-static factory method on that class; consider declaring it as static instead.
2025-07-31T17:39:08.150+08:00  WARN 34659 --- [ecom-assistant] [           main] trationDelegate$BeanPostProcessorChecker : Bean 'couchbaseConfig' of type [com.ecom.ai.ecomassistant.db.config.CouchbaseConfig$$SpringCGLIB$$0] is not eligible for getting processed by all BeanPostProcessors (for example: not eligible for auto-proxying). Is this bean getting eagerly injected/applied to a currently created BeanPostProcessor [methodValidationPostProcessor]? Check the corresponding BeanPostProcessor declaration and its dependencies/advisors. If this bean does not have to be post-processed, declare it with ROLE_INFRASTRUCTURE.
2025-07-31T17:39:09.864+08:00  WARN 34659 --- [ecom-assistant] [           main] trationDelegate$BeanPostProcessorChecker : Bean 'couchbaseClusterEnvironment' of type [com.couchbase.client.java.env.ClusterEnvironment] is not eligible for getting processed by all BeanPostProcessors (for example: not eligible for auto-proxying). Is this bean getting eagerly injected/applied to a currently created BeanPostProcessor [methodValidationPostProcessor]? Check the corresponding BeanPostProcessor declaration and its dependencies/advisors. If this bean does not have to be post-processed, declare it with ROLE_INFRASTRUCTURE.
2025-07-31T17:39:09.868+08:00  INFO 34659 --- [ecom-assistant] [           main] c.e.a.e.db.config.CouchbaseConfig        : Connecting to Couchbase cluster at 127.0.0.1
2025-07-31T17:39:10.299+08:00  INFO 34659 --- [ecom-assistant] [oundedElastic-1] c.c.c.c.c.DefaultConfigurationProvider   : Resolved seed nodes: [SeedNode{address='127.0.0.1'}]
2025-07-31T17:39:11.380+08:00  INFO 34659 --- [ecom-assistant] [   cb-io-kv-9-1] c.c.c.c.compression.snappy.SnappyHelper  : Using fast Snappy compression codec because this is little-endian hardware and `sun.misc.Unsafe` is accessible.
2025-07-31T17:39:11.440+08:00  INFO 34659 --- [ecom-assistant] [      cb-events] com.couchbase.core                       : [com.couchbase.core][CoreCreatedEvent] {"clientVersion":"3.7.9","clientGitHash":"b5ce2184","coreVersion":"3.7.9","coreGitHash":"b5ce2184","userAgent":"couchbase-java/3.7.9 (Linux 6.6.87.2-microsoft-standard-WSL2 amd64; OpenJDK 64-Bit Server VM 21.0.8+9-Ubuntu-0ubuntu124.04.1)","maxNumRequestsInRetry":32768,"ioEnvironment":{"nativeIoEnabled":true,"eventLoopThreadCount":8,"eventLoopGroups":["EpollEventLoopGroup"]},"ioConfig":{"captureTraffic":[],"mutationTokensEnabled":true,"networkResolution":"auto","dnsSrvEnabled":true,"tcpKeepAlivesEnabled":true,"tcpKeepAliveTimeMs":60000,"configPollIntervalMs":2500,"kvCircuitBreakerConfig":"disabled","queryCircuitBreakerConfig":"disabled","viewCircuitBreakerConfig":"disabled","searchCircuitBreakerConfig":"disabled","analyticsCircuitBreakerConfig":"disabled","managerCircuitBreakerConfig":"disabled","eventingCircuitBreakerConfig":"disabled","backupCircuitBreakerConfig":"disabled","numKvConnections":1,"maxHttpConnections":12,"idleHttpConnectionTimeoutMs":1000,"configIdleRedialTimeoutMs":300000,"memcachedHashingStrategy":"StandardMemcachedHashingStrategy","timerConfig":{"numTimers":1,"tickDurationMs":10,"numBuckets":512},"lowWaterMark":"32 KiB","highWaterMark":"64 KiB","sendBuffer":null,"receiveBuffer":null},"compressionConfig":{"enabled":true,"minRatio":0.83,"minSize":32},"securityConfig":{"tlsEnabled":false,"nativeTlsEnabled":true,"hostnameVerificationEnabled":true,"trustCertificates":null,"trustManagerFactory":null,"ciphers":[]},"timeoutConfig":{"kvMs":2500,"kvDurableMs":10000,"kvScanMs":75000,"managementMs":75000,"queryMs":75000,"viewMs":75000,"searchMs":75000,"analyticsMs":75000,"connectMs":10000,"disconnectMs":10000,"eventingMs":75000,"backupMs":75000},"loggerConfig":{"diagnosticContextEnabled":false},"orphanReporterConfig":{"emitIntervalMs":10000,"sampleSize":10,"queueLength":1024,"enabled":true},"thresholdLoggingTracerConfig":{"enabled":true,"emitIntervalMs":10000,"sampleSize":10,"queueLength":1024,"kvThresholdMs":500,"queryThresholdMs":1000,"searchThresholdMs":1000,"analyticsThresholdMs":1000,"viewThresholdMs":1000,"transactionsThresholdMs":5000},"loggingMeterConfig":{"enabled":true,"emitIntervalMs":600000},"retryStrategy":"BestEffortRetryStrategy","requestTracer":"ThresholdLoggingTracer","meter":"LoggingMeter","numRequestCallbacks":0,"scheduler":"ParallelScheduler","schedulerThreadCount":16,"transactionsConfig":{"durabilityLevel":"MAJORITY","timeoutMs":15000,"cleanupConfig":{"runLostAttemptsCleanupThread":true,"runRegularAttemptsCleanupThread":true,"cleanupWindowMs":60000,"cleanupSet":""},"numAtrs":1024,"metadataCollection":"none","scanConsistency":"none"},"preferredServerGroup":"null"} {"connectionString":"couchbase://127.0.0.1","coreId":"0x8b22949700000001","numCoreInstances":1}
2025-07-31T17:39:11.441+08:00  INFO 34659 --- [ecom-assistant] [      cb-events] com.couchbase.transactions               : [com.couchbase.transactions][TransactionsStartedEvent] Transactions successfully initialised, regular cleanup enabled=true, lost cleanup enabled=true
2025-07-31T17:39:11.442+08:00  INFO 34659 --- [ecom-assistant] [      cb-events] com.couchbase.node                       : [com.couchbase.node][NodeCreatedEvent] Node created {"coreId":"0x8b22949700000001","managerPort":"8091","remote":"127.0.0.1"}
2025-07-31T17:39:12.755+08:00  WARN 34659 --- [ecom-assistant] [           main] trationDelegate$BeanPostProcessorChecker : Bean 'couchbaseCluster' of type [com.couchbase.client.java.Cluster] is not eligible for getting processed by all BeanPostProcessors (for example: not eligible for auto-proxying). Is this bean getting eagerly injected/applied to a currently created BeanPostProcessor [methodValidationPostProcessor]? Check the corresponding BeanPostProcessor declaration and its dependencies/advisors. If this bean does not have to be post-processed, declare it with ROLE_INFRASTRUCTURE.
2025-07-31T17:39:12.837+08:00  WARN 34659 --- [ecom-assistant] [           main] trationDelegate$BeanPostProcessorChecker : Bean 'couchbaseClientFactory' of type [org.springframework.data.couchbase.SimpleCouchbaseClientFactory] is not eligible for getting processed by all BeanPostProcessors (for example: not eligible for auto-proxying). Is this bean getting eagerly injected/applied to a currently created BeanPostProcessor [methodValidationPostProcessor]? Check the corresponding BeanPostProcessor declaration and its dependencies/advisors. If this bean does not have to be post-processed, declare it with ROLE_INFRASTRUCTURE.
2025-07-31T17:39:12.954+08:00  INFO 34659 --- [ecom-assistant] [      cb-events] com.couchbase.core                       : [com.couchbase.core][BucketOpenedEvent][138ms] Opened bucket "ECOM" {"coreId":"0x8b22949700000001"}
2025-07-31T17:39:12.976+08:00  WARN 34659 --- [ecom-assistant] [           main] trationDelegate$BeanPostProcessorChecker : Bean 'couchbaseCustomConversions' of type [org.springframework.data.couchbase.core.convert.CouchbaseCustomConversions] is not eligible for getting processed by all BeanPostProcessors (for example: not eligible for auto-proxying). Is this bean getting eagerly injected/applied to a currently created BeanPostProcessor [methodValidationPostProcessor]? Check the corresponding BeanPostProcessor declaration and its dependencies/advisors. If this bean does not have to be post-processed, declare it with ROLE_INFRASTRUCTURE.
2025-07-31T17:39:13.047+08:00  WARN 34659 --- [ecom-assistant] [           main] trationDelegate$BeanPostProcessorChecker : Bean 'couchbaseMappingContext' of type [org.springframework.data.couchbase.core.mapping.CouchbaseMappingContext] is not eligible for getting processed by all BeanPostProcessors (for example: not eligible for auto-proxying). Is this bean getting eagerly injected/applied to a currently created BeanPostProcessor [methodValidationPostProcessor]? Check the corresponding BeanPostProcessor declaration and its dependencies/advisors. If this bean does not have to be post-processed, declare it with ROLE_INFRASTRUCTURE.
2025-07-31T17:39:13.116+08:00  WARN 34659 --- [ecom-assistant] [           main] trationDelegate$BeanPostProcessorChecker : Bean '(inner bean)#146f3d22' of type [org.springframework.beans.factory.config.ObjectFactoryCreatingFactoryBean] is not eligible for getting processed by all BeanPostProcessors (for example: not eligible for auto-proxying). Is this bean getting eagerly injected/applied to a currently created BeanPostProcessor [methodValidationPostProcessor]? Check the corresponding BeanPostProcessor declaration and its dependencies/advisors. If this bean does not have to be post-processed, declare it with ROLE_INFRASTRUCTURE.
2025-07-31T17:39:13.117+08:00  WARN 34659 --- [ecom-assistant] [           main] trationDelegate$BeanPostProcessorChecker : Bean '(inner bean)#146f3d22' of type [org.springframework.beans.factory.config.ObjectFactoryCreatingFactoryBean$TargetBeanObjectFactory] is not eligible for getting processed by all BeanPostProcessors (for example: not eligible for auto-proxying). Is this bean getting eagerly injected/applied to a currently created BeanPostProcessor [methodValidationPostProcessor]? Check the corresponding BeanPostProcessor declaration and its dependencies/advisors. If this bean does not have to be post-processed, declare it with ROLE_INFRASTRUCTURE.
2025-07-31T17:39:13.141+08:00  WARN 34659 --- [ecom-assistant] [           main] trationDelegate$BeanPostProcessorChecker : Bean 'mappingCouchbaseConverter' of type [org.springframework.data.couchbase.core.convert.MappingCouchbaseConverter] is not eligible for getting processed by all BeanPostProcessors (for example: not eligible for auto-proxying). Is this bean getting eagerly injected/applied to a currently created BeanPostProcessor [methodValidationPostProcessor]? Check the corresponding BeanPostProcessor declaration and its dependencies/advisors. If this bean does not have to be post-processed, declare it with ROLE_INFRASTRUCTURE.
2025-07-31T17:39:13.222+08:00  WARN 34659 --- [ecom-assistant] [           main] trationDelegate$BeanPostProcessorChecker : Bean 'couchbaseTranslationService' of type [org.springframework.data.couchbase.core.convert.translation.JacksonTranslationService] is not eligible for getting processed by all BeanPostProcessors (for example: not eligible for auto-proxying). Is this bean getting eagerly injected/applied to a currently created BeanPostProcessor [methodValidationPostProcessor]? Check the corresponding BeanPostProcessor declaration and its dependencies/advisors. If this bean does not have to be post-processed, declare it with ROLE_INFRASTRUCTURE.
2025-07-31T17:39:13.485+08:00  WARN 34659 --- [ecom-assistant] [           main] trationDelegate$BeanPostProcessorChecker : Bean 'couchbaseTemplate' of type [org.springframework.data.couchbase.core.CouchbaseTemplate] is not eligible for getting processed by all BeanPostProcessors (for example: not eligible for auto-proxying). Is this bean getting eagerly injected/applied to a currently created BeanPostProcessor [methodValidationPostProcessor]? Check the corresponding BeanPostProcessor declaration and its dependencies/advisors. If this bean does not have to be post-processed, declare it with ROLE_INFRASTRUCTURE.
2025-07-31T17:39:13.486+08:00  WARN 34659 --- [ecom-assistant] [           main] trationDelegate$BeanPostProcessorChecker : Bean 'couchbaseRepositoryOperationsMapping' of type [org.springframework.data.couchbase.repository.config.RepositoryOperationsMapping] is not eligible for getting processed by all BeanPostProcessors (for example: not eligible for auto-proxying). Is this bean getting eagerly injected/applied to a currently created BeanPostProcessor [methodValidationPostProcessor]? Check the corresponding BeanPostProcessor declaration and its dependencies/advisors. If this bean does not have to be post-processed, declare it with ROLE_INFRASTRUCTURE.
2025-07-31T17:39:13.492+08:00  WARN 34659 --- [ecom-assistant] [           main] trationDelegate$BeanPostProcessorChecker : Bean 'couchbase.named-queries#3' of type [org.springframework.data.repository.config.PropertiesBasedNamedQueriesFactoryBean] is not eligible for getting processed by all BeanPostProcessors (for example: not eligible for auto-proxying). Is this bean getting eagerly injected/applied to a currently created BeanPostProcessor [methodValidationPostProcessor]? Check the corresponding BeanPostProcessor declaration and its dependencies/advisors. If this bean does not have to be post-processed, declare it with ROLE_INFRASTRUCTURE.
2025-07-31T17:39:13.493+08:00  WARN 34659 --- [ecom-assistant] [           main] trationDelegate$BeanPostProcessorChecker : Bean 'couchbase.named-queries#3' of type [org.springframework.data.repository.core.support.PropertiesBasedNamedQueries] is not eligible for getting processed by all BeanPostProcessors (for example: not eligible for auto-proxying). Is this bean getting eagerly injected/applied to a currently created BeanPostProcessor [methodValidationPostProcessor]? Check the corresponding BeanPostProcessor declaration and its dependencies/advisors. If this bean does not have to be post-processed, declare it with ROLE_INFRASTRUCTURE.
2025-07-31T17:39:14.021+08:00  WARN 34659 --- [ecom-assistant] [           main] trationDelegate$BeanPostProcessorChecker : Bean 'userRepository' of type [org.springframework.data.couchbase.repository.support.CouchbaseRepositoryFactoryBean] is not eligible for getting processed by all BeanPostProcessors (for example: not eligible for auto-proxying). Is this bean getting eagerly injected/applied to a currently created BeanPostProcessor [methodValidationPostProcessor]? Check the corresponding BeanPostProcessor declaration and its dependencies/advisors. If this bean does not have to be post-processed, declare it with ROLE_INFRASTRUCTURE.
2025-07-31T17:39:14.021+08:00  WARN 34659 --- [ecom-assistant] [           main] trationDelegate$BeanPostProcessorChecker : Bean 'userRepository' of type [jdk.proxy2.$Proxy104] is not eligible for getting processed by all BeanPostProcessors (for example: not eligible for auto-proxying). Is this bean getting eagerly injected/applied to a currently created BeanPostProcessor [methodValidationPostProcessor]? Check the corresponding BeanPostProcessor declaration and its dependencies/advisors. If this bean does not have to be post-processed, declare it with ROLE_INFRASTRUCTURE.
2025-07-31T17:39:14.022+08:00  WARN 34659 --- [ecom-assistant] [           main] trationDelegate$BeanPostProcessorChecker : Bean 'userService' of type [com.ecom.ai.ecomassistant.db.service.auth.UserService] is not eligible for getting processed by all BeanPostProcessors (for example: not eligible for auto-proxying). Is this bean getting eagerly injected/applied to a currently created BeanPostProcessor [methodValidationPostProcessor]? Check the corresponding BeanPostProcessor declaration and its dependencies/advisors. If this bean does not have to be post-processed, declare it with ROLE_INFRASTRUCTURE.
2025-07-31T17:39:14.061+08:00  WARN 34659 --- [ecom-assistant] [           main] trationDelegate$BeanPostProcessorChecker : Bean 'couchbase.named-queries#2' of type [org.springframework.data.repository.config.PropertiesBasedNamedQueriesFactoryBean] is not eligible for getting processed by all BeanPostProcessors (for example: not eligible for auto-proxying). Is this bean getting eagerly injected/applied to a currently created BeanPostProcessor [methodValidationPostProcessor]? Check the corresponding BeanPostProcessor declaration and its dependencies/advisors. If this bean does not have to be post-processed, declare it with ROLE_INFRASTRUCTURE.
2025-07-31T17:39:14.062+08:00  WARN 34659 --- [ecom-assistant] [           main] trationDelegate$BeanPostProcessorChecker : Bean 'couchbase.named-queries#2' of type [org.springframework.data.repository.core.support.PropertiesBasedNamedQueries] is not eligible for getting processed by all BeanPostProcessors (for example: not eligible for auto-proxying). Is this bean getting eagerly injected/applied to a currently created BeanPostProcessor [methodValidationPostProcessor]? Check the corresponding BeanPostProcessor declaration and its dependencies/advisors. If this bean does not have to be post-processed, declare it with ROLE_INFRASTRUCTURE.
2025-07-31T17:39:14.068+08:00  WARN 34659 --- [ecom-assistant] [           main] trationDelegate$BeanPostProcessorChecker : Bean 'teamRepository' of type [org.springframework.data.couchbase.repository.support.CouchbaseRepositoryFactoryBean] is not eligible for getting processed by all BeanPostProcessors (for example: not eligible for auto-proxying). Is this bean getting eagerly injected/applied to a currently created BeanPostProcessor [methodValidationPostProcessor]? Check the corresponding BeanPostProcessor declaration and its dependencies/advisors. If this bean does not have to be post-processed, declare it with ROLE_INFRASTRUCTURE.
2025-07-31T17:39:14.069+08:00  WARN 34659 --- [ecom-assistant] [           main] trationDelegate$BeanPostProcessorChecker : Bean 'teamRepository' of type [jdk.proxy2.$Proxy106] is not eligible for getting processed by all BeanPostProcessors (for example: not eligible for auto-proxying). Is this bean getting eagerly injected/applied to a currently created BeanPostProcessor [methodValidationPostProcessor]? Check the corresponding BeanPostProcessor declaration and its dependencies/advisors. If this bean does not have to be post-processed, declare it with ROLE_INFRASTRUCTURE.
2025-07-31T17:39:14.069+08:00  WARN 34659 --- [ecom-assistant] [           main] trationDelegate$BeanPostProcessorChecker : Bean 'teamService' of type [com.ecom.ai.ecomassistant.db.service.auth.TeamService] is not eligible for getting processed by all BeanPostProcessors (for example: not eligible for auto-proxying). Is this bean getting eagerly injected/applied to a currently created BeanPostProcessor [methodValidationPostProcessor]? Check the corresponding BeanPostProcessor declaration and its dependencies/advisors. If this bean does not have to be post-processed, declare it with ROLE_INFRASTRUCTURE.
2025-07-31T17:39:14.072+08:00  WARN 34659 --- [ecom-assistant] [           main] trationDelegate$BeanPostProcessorChecker : Bean 'couchbase.named-queries#1' of type [org.springframework.data.repository.config.PropertiesBasedNamedQueriesFactoryBean] is not eligible for getting processed by all BeanPostProcessors (for example: not eligible for auto-proxying). Is this bean getting eagerly injected/applied to a currently created BeanPostProcessor [methodValidationPostProcessor]? Check the corresponding BeanPostProcessor declaration and its dependencies/advisors. If this bean does not have to be post-processed, declare it with ROLE_INFRASTRUCTURE.
2025-07-31T17:39:14.073+08:00  WARN 34659 --- [ecom-assistant] [           main] trationDelegate$BeanPostProcessorChecker : Bean 'couchbase.named-queries#1' of type [org.springframework.data.repository.core.support.PropertiesBasedNamedQueries] is not eligible for getting processed by all BeanPostProcessors (for example: not eligible for auto-proxying). Is this bean getting eagerly injected/applied to a currently created BeanPostProcessor [methodValidationPostProcessor]? Check the corresponding BeanPostProcessor declaration and its dependencies/advisors. If this bean does not have to be post-processed, declare it with ROLE_INFRASTRUCTURE.
2025-07-31T17:39:14.098+08:00  WARN 34659 --- [ecom-assistant] [           main] trationDelegate$BeanPostProcessorChecker : Bean 'teamMembershipRepository' of type [org.springframework.data.couchbase.repository.support.CouchbaseRepositoryFactoryBean] is not eligible for getting processed by all BeanPostProcessors (for example: not eligible for auto-proxying). Is this bean getting eagerly injected/applied to a currently created BeanPostProcessor [methodValidationPostProcessor]? Check the corresponding BeanPostProcessor declaration and its dependencies/advisors. If this bean does not have to be post-processed, declare it with ROLE_INFRASTRUCTURE.
2025-07-31T17:39:14.098+08:00  WARN 34659 --- [ecom-assistant] [           main] trationDelegate$BeanPostProcessorChecker : Bean 'teamMembershipRepository' of type [jdk.proxy2.$Proxy107] is not eligible for getting processed by all BeanPostProcessors (for example: not eligible for auto-proxying). Is this bean getting eagerly injected/applied to a currently created BeanPostProcessor [methodValidationPostProcessor]? Check the corresponding BeanPostProcessor declaration and its dependencies/advisors. If this bean does not have to be post-processed, declare it with ROLE_INFRASTRUCTURE.
2025-07-31T17:39:14.099+08:00  WARN 34659 --- [ecom-assistant] [           main] trationDelegate$BeanPostProcessorChecker : Bean 'teamMembershipService' of type [com.ecom.ai.ecomassistant.db.service.auth.TeamMembershipService] is not eligible for getting processed by all BeanPostProcessors (for example: not eligible for auto-proxying). Is this bean getting eagerly injected/applied to a currently created BeanPostProcessor [methodValidationPostProcessor]? Check the corresponding BeanPostProcessor declaration and its dependencies/advisors. If this bean does not have to be post-processed, declare it with ROLE_INFRASTRUCTURE.
2025-07-31T17:39:14.102+08:00  WARN 34659 --- [ecom-assistant] [           main] trationDelegate$BeanPostProcessorChecker : Bean 'couchbase.named-queries#7' of type [org.springframework.data.repository.config.PropertiesBasedNamedQueriesFactoryBean] is not eligible for getting processed by all BeanPostProcessors (for example: not eligible for auto-proxying). Is this bean getting eagerly injected/applied to a currently created BeanPostProcessor [methodValidationPostProcessor]? Check the corresponding BeanPostProcessor declaration and its dependencies/advisors. If this bean does not have to be post-processed, declare it with ROLE_INFRASTRUCTURE.
2025-07-31T17:39:14.103+08:00  WARN 34659 --- [ecom-assistant] [           main] trationDelegate$BeanPostProcessorChecker : Bean 'couchbase.named-queries#7' of type [org.springframework.data.repository.core.support.PropertiesBasedNamedQueries] is not eligible for getting processed by all BeanPostProcessors (for example: not eligible for auto-proxying). Is this bean getting eagerly injected/applied to a currently created BeanPostProcessor [methodValidationPostProcessor]? Check the corresponding BeanPostProcessor declaration and its dependencies/advisors. If this bean does not have to be post-processed, declare it with ROLE_INFRASTRUCTURE.
2025-07-31T17:39:14.120+08:00  WARN 34659 --- [ecom-assistant] [           main] trationDelegate$BeanPostProcessorChecker : Bean 'teamRoleRepository' of type [org.springframework.data.couchbase.repository.support.CouchbaseRepositoryFactoryBean] is not eligible for getting processed by all BeanPostProcessors (for example: not eligible for auto-proxying). Is this bean getting eagerly injected/applied to a currently created BeanPostProcessor [methodValidationPostProcessor]? Check the corresponding BeanPostProcessor declaration and its dependencies/advisors. If this bean does not have to be post-processed, declare it with ROLE_INFRASTRUCTURE.
2025-07-31T17:39:14.120+08:00  WARN 34659 --- [ecom-assistant] [           main] trationDelegate$BeanPostProcessorChecker : Bean 'teamRoleRepository' of type [jdk.proxy2.$Proxy108] is not eligible for getting processed by all BeanPostProcessors (for example: not eligible for auto-proxying). Is this bean getting eagerly injected/applied to a currently created BeanPostProcessor [methodValidationPostProcessor]? Check the corresponding BeanPostProcessor declaration and its dependencies/advisors. If this bean does not have to be post-processed, declare it with ROLE_INFRASTRUCTURE.
2025-07-31T17:39:14.121+08:00  WARN 34659 --- [ecom-assistant] [           main] trationDelegate$BeanPostProcessorChecker : Bean 'teamRoleService' of type [com.ecom.ai.ecomassistant.db.service.auth.TeamRoleService] is not eligible for getting processed by all BeanPostProcessors (for example: not eligible for auto-proxying). Is this bean getting eagerly injected/applied to a currently created BeanPostProcessor [methodValidationPostProcessor]? Check the corresponding BeanPostProcessor declaration and its dependencies/advisors. If this bean does not have to be post-processed, declare it with ROLE_INFRASTRUCTURE.
2025-07-31T17:39:14.127+08:00  WARN 34659 --- [ecom-assistant] [           main] trationDelegate$BeanPostProcessorChecker : Bean 'userManager' of type [com.ecom.ai.ecomassistant.core.service.UserManager] is not eligible for getting processed by all BeanPostProcessors (for example: not eligible for auto-proxying). Is this bean getting eagerly injected/applied to a currently created BeanPostProcessor [methodValidationPostProcessor]? Check the corresponding BeanPostProcessor declaration and its dependencies/advisors. If this bean does not have to be post-processed, declare it with ROLE_INFRASTRUCTURE.
2025-07-31T17:39:14.144+08:00  WARN 34659 --- [ecom-assistant] [           main] trationDelegate$BeanPostProcessorChecker : Bean 'couchbaseRealm' of type [com.ecom.ai.ecomassistant.auth.realm.CouchbaseRealm] is not eligible for getting processed by all BeanPostProcessors (for example: not eligible for auto-proxying). Is this bean getting eagerly injected/applied to a currently created BeanPostProcessor [methodValidationPostProcessor]? Check the corresponding BeanPostProcessor declaration and its dependencies/advisors. If this bean does not have to be post-processed, declare it with ROLE_INFRASTRUCTURE.
2025-07-31T17:39:14.292+08:00  WARN 34659 --- [ecom-assistant] [           main] trationDelegate$BeanPostProcessorChecker : Bean 'securityManager' of type [org.apache.shiro.web.mgt.DefaultWebSecurityManager] is not eligible for getting processed by all BeanPostProcessors (for example: not eligible for auto-proxying). Is this bean getting eagerly injected/applied to a currently created BeanPostProcessor [methodValidationPostProcessor]? Check the corresponding BeanPostProcessor declaration and its dependencies/advisors. If this bean does not have to be post-processed, declare it with ROLE_INFRASTRUCTURE.
2025-07-31T17:39:14.294+08:00  WARN 34659 --- [ecom-assistant] [           main] trationDelegate$BeanPostProcessorChecker : Bean 'shiroFilterChainDefinition' of type [org.apache.shiro.spring.web.config.DefaultShiroFilterChainDefinition] is not eligible for getting processed by all BeanPostProcessors (for example: not eligible for auto-proxying). Is this bean getting eagerly injected/applied to a currently created BeanPostProcessor [methodValidationPostProcessor]? Check the corresponding BeanPostProcessor declaration and its dependencies/advisors. If this bean does not have to be post-processed, declare it with ROLE_INFRASTRUCTURE.
2025-07-31T17:39:14.477+08:00  WARN 34659 --- [ecom-assistant] [           main] trationDelegate$BeanPostProcessorChecker : Bean 'authorizationAttributeSourceAdvisor' of type [org.apache.shiro.spring.security.interceptor.AuthorizationAttributeSourceAdvisor] is not eligible for getting processed by all BeanPostProcessors (for example: not eligible for auto-proxying). Is this bean getting eagerly injected/applied to a currently created BeanPostProcessor []? Check the corresponding BeanPostProcessor declaration and its dependencies/advisors. If this bean does not have to be post-processed, declare it with ROLE_INFRASTRUCTURE.
2025-07-31T17:39:16.234+08:00  INFO 34659 --- [ecom-assistant] [           main] o.s.b.w.embedded.tomcat.TomcatWebServer  : Tomcat initialized with port 8080 (http)
2025-07-31T17:39:16.280+08:00  INFO 34659 --- [ecom-assistant] [           main] o.apache.catalina.core.StandardService   : Starting service [Tomcat]
2025-07-31T17:39:16.280+08:00  INFO 34659 --- [ecom-assistant] [           main] o.apache.catalina.core.StandardEngine    : Starting Servlet engine: [Apache Tomcat/10.1.40]
2025-07-31T17:39:16.440+08:00  INFO 34659 --- [ecom-assistant] [           main] o.a.c.c.C.[Tomcat].[localhost].[/]       : Initializing Spring embedded WebApplicationContext
2025-07-31T17:39:16.441+08:00  INFO 34659 --- [ecom-assistant] [           main] w.s.c.ServletWebServerApplicationContext : Root WebApplicationContext: initialization completed in 17012 ms
2025-07-31T17:39:18.823+08:00  INFO 34659 --- [ecom-assistant] [           main] o.s.a.v.CouchbaseSearchVectorStore       : Init Cluster Called
2025-07-31T17:39:18.969+08:00  INFO 34659 --- [ecom-assistant] [           main] o.s.a.v.CouchbaseSearchVectorStore       : Created bucket
2025-07-31T17:39:19.014+08:00  INFO 34659 --- [ecom-assistant] [           main] o.s.a.v.CouchbaseSearchVectorStore       : Opened Bucket
2025-07-31T17:39:19.066+08:00  INFO 34659 --- [ecom-assistant] [           main] c.c.client.core.util.ConsistencyUtil     : Waiting for config
2025-07-31T17:39:19.067+08:00  INFO 34659 --- [ecom-assistant] [           main] c.c.client.core.util.ConsistencyUtil     : Adding nodes from global config: [NodeIdentifier{canonical=127.0.0.1:8091, hostForNetworkConnections='127.0.0.1'}]
2025-07-31T17:39:19.068+08:00  INFO 34659 --- [ecom-assistant] [           main] c.c.client.core.util.ConsistencyUtil     : Adding nodes from bucket configs: [NodeIdentifier{canonical=127.0.0.1:8091, hostForNetworkConnections='127.0.0.1'}]
QA VectorStore configured:
  - Bucket: ECOM
  - Scope: AI
  - Collection: qa-vector
  - Expected Index: spring-ai-qa-vector-index
2025-07-31T17:39:19.390+08:00  INFO 34659 --- [ecom-assistant] [           main] c.e.a.e.ai.service.TieredRAGService      : 🔧 Tiered RAG Configuration:
2025-07-31T17:39:19.390+08:00  INFO 34659 --- [ecom-assistant] [           main] c.e.a.e.ai.service.TieredRAGService      :   - Enabled: true
2025-07-31T17:39:19.391+08:00  INFO 34659 --- [ecom-assistant] [           main] c.e.a.e.ai.service.TieredRAGService      :   - Priority: QA_FIRST
2025-07-31T17:39:19.391+08:00  INFO 34659 --- [ecom-assistant] [           main] c.e.a.e.ai.service.TieredRAGService      :   - QA Vector: enabled=true, topK=3, strategy=DIRECT_FTS_FIRST
2025-07-31T17:39:19.392+08:00  INFO 34659 --- [ecom-assistant] [           main] c.e.a.e.ai.service.TieredRAGService      :   - Document Vector: enabled=true, topK=6, threshold=0.7
2025-07-31T17:39:19.392+08:00  INFO 34659 --- [ecom-assistant] [           main] c.e.a.e.ai.service.TieredRAGService      :   - Max Results: 8, Fallback: true
2025-07-31T17:39:20.490+08:00  INFO 34659 --- [ecom-assistant] [           main] o.s.d.c.c.m.event.AuditingEventListener  : auditingHandler IS an IsNewAwareAuditingHandler: org.springframework.data.auditing.IsNewAwareAuditingHandler@408aae8f
2025-07-31T17:39:21.806+08:00  INFO 34659 --- [ecom-assistant] [           main] o.s.b.w.embedded.tomcat.TomcatWebServer  : Tomcat started on port 8080 (http) with context path '/'
2025-07-31T17:39:21.812+08:00  INFO 34659 --- [ecom-assistant] [           main] c.e.a.e.EcomAssistantApplication         : Started EcomAssistantApplication in 24.702 seconds (process running for 26.28)
2025-07-31T17:39:37.943+08:00  INFO 34659 --- [ecom-assistant] [nio-8080-exec-1] o.a.c.c.C.[Tomcat].[localhost].[/]       : Initializing Spring DispatcherServlet 'dispatcherServlet'
2025-07-31T17:39:37.944+08:00  INFO 34659 --- [ecom-assistant] [nio-8080-exec-1] o.s.web.servlet.DispatcherServlet        : Initializing Servlet 'dispatcherServlet'
2025-07-31T17:39:37.945+08:00  INFO 34659 --- [ecom-assistant] [nio-8080-exec-1] o.s.web.servlet.DispatcherServlet        : Completed initialization in 1 ms
2025-07-31T17:39:46.327+08:00 DEBUG 34659 --- [ecom-assistant] [nio-8080-exec-2] .c.c.ReactiveFindByQueryOperationSupport : findByQuery scope: AI collection: user options: null statement: SELECT `_class`, META(`user`).`id` AS __id, `name`, `email`, `password`, `status`, `systemRoles`, `teamMembershipIds`, `createdBy`, `createdDateTime`, `lastModifiedBy`, `lastModifiedDateTime` FROM `user` WHERE `_class` = "com.ecom.ai.ecomassistant.db.model.auth.User" AND `email` = $1
2025-07-31T17:39:46.356+08:00 DEBUG 34659 --- [ecom-assistant] [nio-8080-exec-2] o.s.d.c.core.query.OptionsBuilder        : query options: {"args":["sam0219mm@ecom.com"],"client_context_id":"9c2b8cf6-2754-454d-938a-e2bee5e5625f","metrics":false,"scan_consistency":"request_plus"}
2025-07-31T17:39:46.637+08:00 DEBUG 34659 --- [ecom-assistant] [nio-8080-exec-2] .c.c.ReactiveFindByQueryOperationSupport : findByQuery scope: AI collection: team-membership options: null statement: SELECT `_class`, META(`team-membership`).`id` AS __id, `userId`, `teamId`, `teamRoles`, `createdBy`, `createdDateTime`, `lastModifiedBy`, `lastModifiedDateTime` FROM `team-membership` WHERE `_class` = "com.ecom.ai.ecomassistant.db.model.auth.TeamMembership" AND `userId` = $1
2025-07-31T17:39:46.639+08:00 DEBUG 34659 --- [ecom-assistant] [nio-8080-exec-2] o.s.d.c.core.query.OptionsBuilder        : query options: {"args":["8e5a59f8-cef9-435d-9271-4ba92a70906e"],"client_context_id":"fca276cd-b303-4cb8-848c-4a8d6e1f39a1","metrics":false,"scan_consistency":"request_plus"}
2025-07-31T17:39:46.686+08:00 DEBUG 34659 --- [ecom-assistant] [nio-8080-exec-2] s.d.c.c.ReactiveFindByIdOperationSupport : findById key=c79e8f7a-7d4d-47d7-982e-e87b69df5ab5 scope: AI collection: team options: com.couchbase.client.java.kv.GetOptions@66143969
2025-07-31T17:39:54.576+08:00 DEBUG 34659 --- [ecom-assistant] [nio-8080-exec-4] .c.c.ReactiveFindByQueryOperationSupport : findByQuery scope: AI collection: team-membership options: null statement: SELECT `_class`, META(`team-membership`).`id` AS __id, `userId`, `teamId`, `teamRoles`, `createdBy`, `createdDateTime`, `lastModifiedBy`, `lastModifiedDateTime` FROM `team-membership` WHERE `_class` = "com.ecom.ai.ecomassistant.db.model.auth.TeamMembership" AND `userId` = $1
2025-07-31T17:39:54.577+08:00 DEBUG 34659 --- [ecom-assistant] [nio-8080-exec-4] o.s.d.c.core.query.OptionsBuilder        : query options: {"args":["eyJhbGciOiJIUzI1NiIsInR5cCI6IkpXVCJ9.eyJzdWIiOiI4ZTVhNTlmOC1jZWY5LTQzNWQtOTI3MS00YmE5MmE3MDkwNmUiLCJzeXN0ZW1fcm9sZXMiOlsiVVNFUiJdLCJleHAiOjE3NTM5NTgzODZ9.8utJkFnFXNwe02k75lV5JftkoQg3PZTjs5_U8wmvhVc"],"client_context_id":"794200cb-7ba4-4cb1-a02c-91b321fc96f2","metrics":false,"scan_consistency":"request_plus"}
2025-07-31T17:39:54.585+08:00 DEBUG 34659 --- [ecom-assistant] [nio-8080-exec-4] s.d.c.c.ReactiveFindByIdOperationSupport : findById key=c79e8f7a-7d4d-47d7-982e-e87b69df5ab5 scope: AI collection: team options: com.couchbase.client.java.kv.GetOptions@395c25fa
2025-07-31T17:39:54.589+08:00 ERROR 34659 --- [ecom-assistant] [nio-8080-exec-4] o.a.c.c.C.[.[.[/].[dispatcherServlet]    : Servlet.service() for servlet [dispatcherServlet] in context with path [] threw exception [Request processing failed: java.lang.IllegalArgumentException: User does not belong to the specified team] with root cause

java.lang.IllegalArgumentException: User does not belong to the specified team
	at com.ecom.ai.ecomassistant.core.service.DatasetManager.createDataset(DatasetManager.java:139) ~[ecom-assistant-core-0.0.1-SNAPSHOT.jar:0.0.1-SNAPSHOT]
	at com.ecom.ai.ecomassistant.controller.DatasetController.createDataset(DatasetController.java:55) ~[classes/:na]
	at java.base/jdk.internal.reflect.DirectMethodHandleAccessor.invoke(DirectMethodHandleAccessor.java:103) ~[na:na]
	at java.base/java.lang.reflect.Method.invoke(Method.java:580) ~[na:na]
	at org.springframework.web.method.support.InvocableHandlerMethod.doInvoke(InvocableHandlerMethod.java:258) ~[spring-web-6.2.6.jar:6.2.6]
	at org.springframework.web.method.support.InvocableHandlerMethod.invokeForRequest(InvocableHandlerMethod.java:191) ~[spring-web-6.2.6.jar:6.2.6]
	at org.springframework.web.servlet.mvc.method.annotation.ServletInvocableHandlerMethod.invokeAndHandle(ServletInvocableHandlerMethod.java:118) ~[spring-webmvc-6.2.6.jar:6.2.6]
	at org.springframework.web.servlet.mvc.method.annotation.RequestMappingHandlerAdapter.invokeHandlerMethod(RequestMappingHandlerAdapter.java:986) ~[spring-webmvc-6.2.6.jar:6.2.6]
	at org.springframework.web.servlet.mvc.method.annotation.RequestMappingHandlerAdapter.handleInternal(RequestMappingHandlerAdapter.java:891) ~[spring-webmvc-6.2.6.jar:6.2.6]
	at org.springframework.web.servlet.mvc.method.AbstractHandlerMethodAdapter.handle(AbstractHandlerMethodAdapter.java:87) ~[spring-webmvc-6.2.6.jar:6.2.6]
	at org.springframework.web.servlet.DispatcherServlet.doDispatch(DispatcherServlet.java:1089) ~[spring-webmvc-6.2.6.jar:6.2.6]
	at org.springframework.web.servlet.DispatcherServlet.doService(DispatcherServlet.java:979) ~[spring-webmvc-6.2.6.jar:6.2.6]
	at org.springframework.web.servlet.FrameworkServlet.processRequest(FrameworkServlet.java:1014) ~[spring-webmvc-6.2.6.jar:6.2.6]
	at org.springframework.web.servlet.FrameworkServlet.doPost(FrameworkServlet.java:914) ~[spring-webmvc-6.2.6.jar:6.2.6]
	at jakarta.servlet.http.HttpServlet.service(HttpServlet.java:590) ~[tomcat-embed-core-10.1.40.jar:6.0]
	at org.springframework.web.servlet.FrameworkServlet.service(FrameworkServlet.java:885) ~[spring-webmvc-6.2.6.jar:6.2.6]
	at jakarta.servlet.http.HttpServlet.service(HttpServlet.java:658) ~[tomcat-embed-core-10.1.40.jar:6.0]
	at org.apache.catalina.core.ApplicationFilterChain.internalDoFilter(ApplicationFilterChain.java:195) ~[tomcat-embed-core-10.1.40.jar:10.1.40]
	at org.apache.catalina.core.ApplicationFilterChain.doFilter(ApplicationFilterChain.java:140) ~[tomcat-embed-core-10.1.40.jar:10.1.40]
	at org.apache.tomcat.websocket.server.WsFilter.doFilter(WsFilter.java:51) ~[tomcat-embed-websocket-10.1.40.jar:10.1.40]
	at org.apache.catalina.core.ApplicationFilterChain.internalDoFilter(ApplicationFilterChain.java:164) ~[tomcat-embed-core-10.1.40.jar:10.1.40]
	at org.apache.catalina.core.ApplicationFilterChain.doFilter(ApplicationFilterChain.java:140) ~[tomcat-embed-core-10.1.40.jar:10.1.40]
	at org.apache.shiro.web.servlet.ProxiedFilterChain.doFilter(ProxiedFilterChain.java:65) ~[shiro-web-2.0.4-jakarta.jar:2.0.4]
	at org.apache.shiro.web.servlet.AdviceFilter.executeChain(AdviceFilter.java:109) ~[shiro-web-2.0.4-jakarta.jar:2.0.4]
	at org.apache.shiro.web.servlet.AdviceFilter.doFilterInternal(AdviceFilter.java:138) ~[shiro-web-2.0.4-jakarta.jar:2.0.4]
	at org.apache.shiro.web.servlet.OncePerRequestFilter.doFilter(OncePerRequestFilter.java:156) ~[shiro-web-2.0.4-jakarta.jar:2.0.4]
	at org.apache.shiro.web.servlet.ProxiedFilterChain.doFilter(ProxiedFilterChain.java:70) ~[shiro-web-2.0.4-jakarta.jar:2.0.4]
	at org.apache.shiro.web.servlet.AdviceFilter.executeChain(AdviceFilter.java:109) ~[shiro-web-2.0.4-jakarta.jar:2.0.4]
	at org.apache.shiro.web.servlet.AdviceFilter.doFilterInternal(AdviceFilter.java:138) ~[shiro-web-2.0.4-jakarta.jar:2.0.4]
	at org.apache.shiro.web.servlet.OncePerRequestFilter.doFilter(OncePerRequestFilter.java:156) ~[shiro-web-2.0.4-jakarta.jar:2.0.4]
	at org.apache.shiro.web.servlet.ProxiedFilterChain.doFilter(ProxiedFilterChain.java:70) ~[shiro-web-2.0.4-jakarta.jar:2.0.4]
	at org.apache.shiro.web.servlet.AbstractShiroFilter.executeChain(AbstractShiroFilter.java:463) ~[shiro-web-2.0.4-jakarta.jar:2.0.4]
	at org.apache.shiro.web.servlet.AbstractShiroFilter.lambda$doFilterInternal$0(AbstractShiroFilter.java:378) ~[shiro-web-2.0.4-jakarta.jar:2.0.4]
	at org.apache.shiro.subject.support.SubjectCallable.doCall(SubjectCallable.java:91) ~[shiro-core-2.0.4-jakarta.jar:2.0.4]
	at org.apache.shiro.subject.support.SubjectCallable.call(SubjectCallable.java:84) ~[shiro-core-2.0.4-jakarta.jar:2.0.4]
	at org.apache.shiro.subject.support.DelegatingSubject.execute(DelegatingSubject.java:389) ~[shiro-core-2.0.4-jakarta.jar:2.0.4]
	at org.apache.shiro.web.servlet.AbstractShiroFilter.doFilterInternal(AbstractShiroFilter.java:376) ~[shiro-web-2.0.4-jakarta.jar:2.0.4]
	at org.apache.shiro.web.servlet.OncePerRequestFilter.doFilter(OncePerRequestFilter.java:156) ~[shiro-web-2.0.4-jakarta.jar:2.0.4]
	at org.apache.catalina.core.ApplicationFilterChain.internalDoFilter(ApplicationFilterChain.java:164) ~[tomcat-embed-core-10.1.40.jar:10.1.40]
	at org.apache.catalina.core.ApplicationFilterChain.doFilter(ApplicationFilterChain.java:140) ~[tomcat-embed-core-10.1.40.jar:10.1.40]
	at org.springframework.web.filter.RequestContextFilter.doFilterInternal(RequestContextFilter.java:100) ~[spring-web-6.2.6.jar:6.2.6]
	at org.springframework.web.filter.OncePerRequestFilter.doFilter(OncePerRequestFilter.java:116) ~[spring-web-6.2.6.jar:6.2.6]
	at org.apache.catalina.core.ApplicationFilterChain.internalDoFilter(ApplicationFilterChain.java:164) ~[tomcat-embed-core-10.1.40.jar:10.1.40]
	at org.apache.catalina.core.ApplicationFilterChain.doFilter(ApplicationFilterChain.java:140) ~[tomcat-embed-core-10.1.40.jar:10.1.40]
	at org.springframework.web.filter.FormContentFilter.doFilterInternal(FormContentFilter.java:93) ~[spring-web-6.2.6.jar:6.2.6]
	at org.springframework.web.filter.OncePerRequestFilter.doFilter(OncePerRequestFilter.java:116) ~[spring-web-6.2.6.jar:6.2.6]
	at org.apache.catalina.core.ApplicationFilterChain.internalDoFilter(ApplicationFilterChain.java:164) ~[tomcat-embed-core-10.1.40.jar:10.1.40]
	at org.apache.catalina.core.ApplicationFilterChain.doFilter(ApplicationFilterChain.java:140) ~[tomcat-embed-core-10.1.40.jar:10.1.40]
	at org.springframework.web.filter.CharacterEncodingFilter.doFilterInternal(CharacterEncodingFilter.java:201) ~[spring-web-6.2.6.jar:6.2.6]
	at org.springframework.web.filter.OncePerRequestFilter.doFilter(OncePerRequestFilter.java:116) ~[spring-web-6.2.6.jar:6.2.6]
	at org.apache.catalina.core.ApplicationFilterChain.internalDoFilter(ApplicationFilterChain.java:164) ~[tomcat-embed-core-10.1.40.jar:10.1.40]
	at org.apache.catalina.core.ApplicationFilterChain.doFilter(ApplicationFilterChain.java:140) ~[tomcat-embed-core-10.1.40.jar:10.1.40]
	at org.apache.catalina.core.StandardWrapperValve.invoke(StandardWrapperValve.java:167) ~[tomcat-embed-core-10.1.40.jar:10.1.40]
	at org.apache.catalina.core.StandardContextValve.invoke(StandardContextValve.java:90) ~[tomcat-embed-core-10.1.40.jar:10.1.40]
	at org.apache.catalina.authenticator.AuthenticatorBase.invoke(AuthenticatorBase.java:483) ~[tomcat-embed-core-10.1.40.jar:10.1.40]
	at org.apache.catalina.core.StandardHostValve.invoke(StandardHostValve.java:116) ~[tomcat-embed-core-10.1.40.jar:10.1.40]
	at org.apache.catalina.valves.ErrorReportValve.invoke(ErrorReportValve.java:93) ~[tomcat-embed-core-10.1.40.jar:10.1.40]
	at org.apache.catalina.core.StandardEngineValve.invoke(StandardEngineValve.java:74) ~[tomcat-embed-core-10.1.40.jar:10.1.40]
	at org.apache.catalina.connector.CoyoteAdapter.service(CoyoteAdapter.java:344) ~[tomcat-embed-core-10.1.40.jar:10.1.40]
	at org.apache.coyote.http11.Http11Processor.service(Http11Processor.java:398) ~[tomcat-embed-core-10.1.40.jar:10.1.40]
	at org.apache.coyote.AbstractProcessorLight.process(AbstractProcessorLight.java:63) ~[tomcat-embed-core-10.1.40.jar:10.1.40]
	at org.apache.coyote.AbstractProtocol$ConnectionHandler.process(AbstractProtocol.java:903) ~[tomcat-embed-core-10.1.40.jar:10.1.40]
	at org.apache.tomcat.util.net.NioEndpoint$SocketProcessor.doRun(NioEndpoint.java:1740) ~[tomcat-embed-core-10.1.40.jar:10.1.40]
	at org.apache.tomcat.util.net.SocketProcessorBase.run(SocketProcessorBase.java:52) ~[tomcat-embed-core-10.1.40.jar:10.1.40]
	at org.apache.tomcat.util.threads.ThreadPoolExecutor.runWorker(ThreadPoolExecutor.java:1189) ~[tomcat-embed-core-10.1.40.jar:10.1.40]
	at org.apache.tomcat.util.threads.ThreadPoolExecutor$Worker.run(ThreadPoolExecutor.java:658) ~[tomcat-embed-core-10.1.40.jar:10.1.40]
	at org.apache.tomcat.util.threads.TaskThread$WrappingRunnable.run(TaskThread.java:63) ~[tomcat-embed-core-10.1.40.jar:10.1.40]
	at java.base/java.lang.Thread.run(Thread.java:1583) ~[na:na]

2025-07-31T17:42:07.043+08:00  INFO 34659 --- [ecom-assistant] [ionShutdownHook] o.s.b.w.e.tomcat.GracefulShutdown        : Commencing graceful shutdown. Waiting for active requests to complete
2025-07-31T17:42:07.046+08:00  INFO 34659 --- [ecom-assistant] [tomcat-shutdown] o.s.b.w.e.tomcat.GracefulShutdown        : Graceful shutdown complete
2025-07-31T17:42:07.051+08:00  INFO 34659 --- [ecom-assistant] [ionShutdownHook] com.couchbase.transactions.cleanup       : Waiting for 1 regular background threads to exit
2025-07-31T17:42:07.121+08:00  INFO 34659 --- [ecom-assistant] [b-txn-cleanup-4] c.c.transactions.cleanup.regular         : Stopping background cleanup thread for transactions from this client
2025-07-31T17:42:07.122+08:00  INFO 34659 --- [ecom-assistant] [ionShutdownHook] c.couchbase.transactions.cleanup.lost    : Client 963e7 stopping lost cleanup process, 0 threads running
2025-07-31T17:42:07.128+08:00  INFO 34659 --- [ecom-assistant] [b-txn-cleanup-4] c.couchbase.transactions.cleanup.lost    : Client 963e7 stopped lost cleanup process and removed client from client records
2025-07-31T17:42:07.128+08:00  INFO 34659 --- [ecom-assistant] [b-txn-cleanup-4] com.couchbase.transactions.cleanup       : Background threads have exitted
2025-07-31T17:42:07.149+08:00  INFO 34659 --- [ecom-assistant] [      cb-events] com.couchbase.core                       : [com.couchbase.core][BucketClosedEvent][3383us] Closed bucket "ECOM" {"coreId":"0x8b22949700000001"}
2025-07-31T17:42:07.149+08:00  INFO 34659 --- [ecom-assistant] [      cb-events] com.couchbase.node                       : [com.couchbase.node][NodeDisconnectedEvent][970us] Node disconnected {"coreId":"0x8b22949700000001","managerPort":"8091","remote":"127.0.0.1"}
2025-07-31T17:42:07.149+08:00  INFO 34659 --- [ecom-assistant] [      cb-events] com.couchbase.core                       : [com.couchbase.core][ShutdownCompletedEvent][15ms] Completed shutdown and closed all open buckets {"coreId":"0x8b22949700000001"}
2025-07-31T17:42:07.188+08:00  INFO 34659 --- [ecom-assistant] [ionShutdownHook] o.s.a.v.CouchbaseSearchVectorStore       : Connection with cluster closed
2025-07-31T17:42:07.189+08:00  INFO 34659 --- [ecom-assistant] [ionShutdownHook] com.couchbase.transactions.cleanup       : Waiting for 0 regular background threads to exit
2025-07-31T17:42:07.189+08:00  INFO 34659 --- [ecom-assistant] [ionShutdownHook] c.couchbase.transactions.cleanup.lost    : Client 963e7 stopping lost cleanup process, 0 threads running
2025-07-31T17:42:07.189+08:00  WARN 34659 --- [ecom-assistant] [ionShutdownHook] o.s.b.f.support.DisposableBeanAdapter    : Invocation of close method failed on bean with name 'vectorStore': java.lang.RuntimeException: java.util.concurrent.TimeoutException: Did not observe any item or terminal signal within 10000ms in 'ignoreThen' (and no fallback has been configured)
2025-07-31T17:42:07.196+08:00  INFO 34659 --- [ecom-assistant] [ionShutdownHook] com.couchbase.transactions.cleanup       : Waiting for 0 regular background threads to exit
2025-07-31T17:42:07.197+08:00  INFO 34659 --- [ecom-assistant] [ionShutdownHook] c.couchbase.transactions.cleanup.lost    : Client 963e7 stopping lost cleanup process, 0 threads running
2025-07-31T17:42:07.197+08:00  WARN 34659 --- [ecom-assistant] [ionShutdownHook] o.s.b.f.support.DisposableBeanAdapter    : Custom destroy method 'disconnect' on bean with name 'couchbaseCluster' propagated an exception: java.lang.RuntimeException: java.util.concurrent.TimeoutException: Did not observe any item or terminal signal within 10000ms in 'ignoreThen' (and no fallback has been configured)
